<?xml version="1.0" encoding="UTF-8"?>
<!-- Generated by org.testng.reporters.JUnitXMLReporter -->
<testsuite ignored="0" hostname="VAIO" failures="0" tests="2" name="Default test" time="27.926" errors="0" timestamp="2023-02-09T22:09:47 EST">
  <testcase classname="com.facebook_registrationTest.PageFactoryRegistrationTest" name="doRegistrationTest" time="7.365"/>
  <testcase classname="com.facebook_registrationTest.PageFactoryRegistrationTest" name="xyz" time="8.219"/>
</testsuite> <!-- Default test -->
