<?xml version="1.0" encoding="UTF-8"?>
<testng-results ignored="0" total="2" passed="2" failed="0" skipped="0">
  <reporter-output>
  </reporter-output>
  <suite started-at="2023-02-09T22:09:19 EST" name="Default suite" finished-at="2023-02-09T22:09:47 EST" duration-ms="27926">
    <groups>
    </groups>
    <test started-at="2023-02-09T22:09:19 EST" name="Default test" finished-at="2023-02-09T22:09:47 EST" duration-ms="27926">
      <class name="com.facebook_registrationTest.PageFactoryRegistrationTest">
        <test-method is-config="true" signature="init()[pri:0, instance:com.facebook_registrationTest.PageFactoryRegistrationTest@4803b726]" started-at="2023-02-09T22:09:19 EST" name="init" finished-at="2023-02-09T22:09:26 EST" duration-ms="6476" status="PASS">
          <reporter-output>
          </reporter-output>
        </test-method> <!-- init -->
        <test-method signature="doRegistrationTest()[pri:0, instance:com.facebook_registrationTest.PageFactoryRegistrationTest@4803b726]" started-at="2023-02-09T22:09:26 EST" name="doRegistrationTest" finished-at="2023-02-09T22:09:33 EST" duration-ms="7365" status="PASS">
          <reporter-output>
          </reporter-output>
        </test-method> <!-- doRegistrationTest -->
        <test-method is-config="true" signature="closeApp()[pri:0, instance:com.facebook_registrationTest.PageFactoryRegistrationTest@4803b726]" started-at="2023-02-09T22:09:33 EST" name="closeApp" finished-at="2023-02-09T22:09:34 EST" duration-ms="678" status="PASS">
          <reporter-output>
          </reporter-output>
        </test-method> <!-- closeApp -->
        <test-method is-config="true" signature="init()[pri:0, instance:com.facebook_registrationTest.PageFactoryRegistrationTest@4803b726]" started-at="2023-02-09T22:09:34 EST" name="init" finished-at="2023-02-09T22:09:38 EST" duration-ms="4349" status="PASS">
          <reporter-output>
          </reporter-output>
        </test-method> <!-- init -->
        <test-method signature="xyz()[pri:0, instance:com.facebook_registrationTest.PageFactoryRegistrationTest@4803b726]" started-at="2023-02-09T22:09:38 EST" name="xyz" finished-at="2023-02-09T22:09:46 EST" duration-ms="8219" status="PASS">
          <reporter-output>
          </reporter-output>
        </test-method> <!-- xyz -->
        <test-method is-config="true" signature="closeApp()[pri:0, instance:com.facebook_registrationTest.PageFactoryRegistrationTest@4803b726]" started-at="2023-02-09T22:09:46 EST" name="closeApp" finished-at="2023-02-09T22:09:47 EST" duration-ms="718" status="PASS">
          <reporter-output>
          </reporter-output>
        </test-method> <!-- closeApp -->
      </class> <!-- com.facebook_registrationTest.PageFactoryRegistrationTest -->
    </test> <!-- Default test -->
  </suite> <!-- Default suite -->
</testng-results>
